Command line:
   sds_isim_beh.exe
     -simmode  gui
     -simrunnum  0
     -socket  49419

Wed Jun 10 15:21:16 2015


 Elaboration Time: 0.109375 sec

 Current Memory Usage: 1180.65 Meg

 Total Signals          : 18
 Total Nets             : 17
 Total Signal Drivers   : 8
 Total Blocks           : 3
 Total Primitive Blocks : 2
 Total Processes        : 10
 Total Traceable Variables  : 21
 Total Scalar Nets and Variables : 100
Total Line Count : 18

 Total Simulation Time: 0.109375 sec

 Current Memory Usage: 1180.61 Meg

Wed Jun 10 15:21:26 2015

